CRITICAL - 2023-09-21 11:22:34 --> Undefined variable: src_favico
in APPPATH\Views\includes\header.php on line 45.
 1 APPPATH\Views\includes\header.php(45): CodeIgniter\Debug\Exceptions->errorHandler(8, 'Undefined variable: src_favico', 'C:\\wamp64\\www\\EHHS\\app\\Views\\includes\\header.php', 45, [...])
 2 SYSTEMPATH\View\View.php(226): include('C:\\wamp64\\www\\EHHS\\app\\Views\\includes\\header.php')
 3 SYSTEMPATH\View\View.php(229): CodeIgniter\View\View->CodeIgniter\View\{closure}()
 4 SYSTEMPATH\Common.php(1188): CodeIgniter\View\View->render('includes/header', [], true)
 5 APPPATH\Controllers\Main.php(20): view('includes/header', [...])
 6 SYSTEMPATH\CodeIgniter.php(919): App\Controllers\Main->index()
 7 SYSTEMPATH\CodeIgniter.php(494): CodeIgniter\CodeIgniter->runController(Object(App\Controllers\Main))
 8 SYSTEMPATH\CodeIgniter.php(353): CodeIgniter\CodeIgniter->handleRequest(null, Object(Config\Cache), false)
 9 FCPATH\index.php(79): CodeIgniter\CodeIgniter->run()
CRITICAL - 2023-09-21 11:23:00 --> Use of undefined constant ASSETS_URL - assumed 'ASSETS_URL' (this will throw an Error in a future version of PHP)
in APPPATH\Views\includes\header.php on line 265.
 1 APPPATH\Views\includes\header.php(265): CodeIgniter\Debug\Exceptions->errorHandler(2, 'Use of undefined constant ASSETS_URL - assumed \'ASSETS_URL\' (this will throw an Error in a future version of PHP)', 'C:\\wamp64\\www\\EHHS\\app\\Views\\includes\\header.php', 265, [...])
 2 SYSTEMPATH\View\View.php(226): include('C:\\wamp64\\www\\EHHS\\app\\Views\\includes\\header.php')
 3 SYSTEMPATH\View\View.php(229): CodeIgniter\View\View->CodeIgniter\View\{closure}()
 4 SYSTEMPATH\Common.php(1188): CodeIgniter\View\View->render('includes/header', [], true)
 5 APPPATH\Controllers\Main.php(20): view('includes/header', [...])
 6 SYSTEMPATH\CodeIgniter.php(919): App\Controllers\Main->index()
 7 SYSTEMPATH\CodeIgniter.php(494): CodeIgniter\CodeIgniter->runController(Object(App\Controllers\Main))
 8 SYSTEMPATH\CodeIgniter.php(353): CodeIgniter\CodeIgniter->handleRequest(null, Object(Config\Cache), false)
 9 FCPATH\index.php(79): CodeIgniter\CodeIgniter->run()
CRITICAL - 2023-09-21 11:23:01 --> Use of undefined constant ASSETS_URL - assumed 'ASSETS_URL' (this will throw an Error in a future version of PHP)
in APPPATH\Views\includes\header.php on line 265.
 1 APPPATH\Views\includes\header.php(265): CodeIgniter\Debug\Exceptions->errorHandler(2, 'Use of undefined constant ASSETS_URL - assumed \'ASSETS_URL\' (this will throw an Error in a future version of PHP)', 'C:\\wamp64\\www\\EHHS\\app\\Views\\includes\\header.php', 265, [...])
 2 SYSTEMPATH\View\View.php(226): include('C:\\wamp64\\www\\EHHS\\app\\Views\\includes\\header.php')
 3 SYSTEMPATH\View\View.php(229): CodeIgniter\View\View->CodeIgniter\View\{closure}()
 4 SYSTEMPATH\Common.php(1188): CodeIgniter\View\View->render('includes/header', [], true)
 5 APPPATH\Controllers\Main.php(20): view('includes/header', [...])
 6 SYSTEMPATH\CodeIgniter.php(919): App\Controllers\Main->index()
 7 SYSTEMPATH\CodeIgniter.php(494): CodeIgniter\CodeIgniter->runController(Object(App\Controllers\Main))
 8 SYSTEMPATH\CodeIgniter.php(353): CodeIgniter\CodeIgniter->handleRequest(null, Object(Config\Cache), false)
 9 FCPATH\index.php(79): CodeIgniter\CodeIgniter->run()
CRITICAL - 2023-09-21 11:23:01 --> Use of undefined constant ASSETS_URL - assumed 'ASSETS_URL' (this will throw an Error in a future version of PHP)
in APPPATH\Views\includes\header.php on line 265.
 1 APPPATH\Views\includes\header.php(265): CodeIgniter\Debug\Exceptions->errorHandler(2, 'Use of undefined constant ASSETS_URL - assumed \'ASSETS_URL\' (this will throw an Error in a future version of PHP)', 'C:\\wamp64\\www\\EHHS\\app\\Views\\includes\\header.php', 265, [...])
 2 SYSTEMPATH\View\View.php(226): include('C:\\wamp64\\www\\EHHS\\app\\Views\\includes\\header.php')
 3 SYSTEMPATH\View\View.php(229): CodeIgniter\View\View->CodeIgniter\View\{closure}()
 4 SYSTEMPATH\Common.php(1188): CodeIgniter\View\View->render('includes/header', [], true)
 5 APPPATH\Controllers\Main.php(20): view('includes/header', [...])
 6 SYSTEMPATH\CodeIgniter.php(919): App\Controllers\Main->index()
 7 SYSTEMPATH\CodeIgniter.php(494): CodeIgniter\CodeIgniter->runController(Object(App\Controllers\Main))
 8 SYSTEMPATH\CodeIgniter.php(353): CodeIgniter\CodeIgniter->handleRequest(null, Object(Config\Cache), false)
 9 FCPATH\index.php(79): CodeIgniter\CodeIgniter->run()
